<?xml version="1.0" encoding="UTF-8"?>
<coverage generated="1649075028720" clover="3.2.0">
  <project timestamp="1649075028720" name="All files">
    <metrics statements="113" coveredstatements="94" conditionals="26" coveredconditionals="15" methods="54" coveredmethods="35" elements="193" coveredelements="144" complexity="0" loc="113" ncloc="113" packages="11" files="17" classes="17"/>
    <package name="components.Card">
      <metrics statements="19" coveredstatements="19" conditionals="2" coveredconditionals="2" methods="8" coveredmethods="8"/>
      <file name="index.tsx" path="/Users/wallysongalvao/Documents/pessoal/workplace/rickmortywiki/src/components/Card/index.tsx">
        <metrics statements="4" coveredstatements="4" conditionals="0" coveredconditionals="0" methods="2" coveredmethods="2"/>
        <line num="12" count="1" type="stmt"/>
        <line num="13" count="180" type="stmt"/>
        <line num="14" count="180" type="stmt"/>
        <line num="16" count="180" type="stmt"/>
      </file>
      <file name="styles.ts" path="/Users/wallysongalvao/Documents/pessoal/workplace/rickmortywiki/src/components/Card/styles.ts">
        <metrics statements="15" coveredstatements="15" conditionals="2" coveredconditionals="2" methods="6" coveredmethods="6"/>
        <line num="7" count="1" type="stmt"/>
        <line num="8" count="180" type="stmt"/>
        <line num="17" count="1" type="stmt"/>
        <line num="25" count="1" type="stmt"/>
        <line num="26" count="72" type="stmt"/>
        <line num="29" count="54" type="stmt"/>
        <line num="32" count="54" type="stmt"/>
        <line num="35" count="1" type="stmt"/>
        <line num="36" count="180" type="stmt"/>
        <line num="48" count="1" type="stmt"/>
        <line num="53" count="1" type="stmt"/>
        <line num="59" count="1" type="stmt"/>
        <line num="64" count="1" type="stmt"/>
        <line num="66" count="1" type="stmt"/>
        <line num="67" count="180" type="stmt"/>
      </file>
    </package>
    <package name="components.Filter">
      <metrics statements="9" coveredstatements="9" conditionals="8" coveredconditionals="5" methods="5" coveredmethods="4"/>
      <file name="index.tsx" path="/Users/wallysongalvao/Documents/pessoal/workplace/rickmortywiki/src/components/Filter/index.tsx">
        <metrics statements="5" coveredstatements="5" conditionals="4" coveredconditionals="3" methods="3" coveredmethods="2"/>
        <line num="16" count="1" type="stmt"/>
        <line num="17" count="30" type="stmt"/>
        <line num="19" count="30" type="stmt"/>
        <line num="20" count="15" type="stmt"/>
        <line num="24" count="30" type="stmt"/>
      </file>
      <file name="styles.ts" path="/Users/wallysongalvao/Documents/pessoal/workplace/rickmortywiki/src/components/Filter/styles.ts">
        <metrics statements="4" coveredstatements="4" conditionals="4" coveredconditionals="2" methods="2" coveredmethods="2"/>
        <line num="3" count="1" type="stmt"/>
        <line num="4" count="30" type="stmt"/>
        <line num="23" count="1" type="stmt"/>
        <line num="24" count="30" type="stmt"/>
      </file>
    </package>
    <package name="components.FilterValues">
      <metrics statements="16" coveredstatements="5" conditionals="4" coveredconditionals="0" methods="8" coveredmethods="0"/>
      <file name="index.tsx" path="/Users/wallysongalvao/Documents/pessoal/workplace/rickmortywiki/src/components/FilterValues/index.tsx">
        <metrics statements="9" coveredstatements="1" conditionals="0" coveredconditionals="0" methods="5" coveredmethods="0"/>
        <line num="13" count="1" type="stmt"/>
        <line num="14" count="0" type="stmt"/>
        <line num="16" count="0" type="stmt"/>
        <line num="17" count="0" type="stmt"/>
        <line num="20" count="0" type="stmt"/>
        <line num="25" count="0" type="stmt"/>
        <line num="26" count="0" type="stmt"/>
        <line num="27" count="0" type="stmt"/>
        <line num="30" count="0" type="stmt"/>
      </file>
      <file name="styles.ts" path="/Users/wallysongalvao/Documents/pessoal/workplace/rickmortywiki/src/components/FilterValues/styles.ts">
        <metrics statements="7" coveredstatements="4" conditionals="4" coveredconditionals="0" methods="3" coveredmethods="0"/>
        <line num="3" count="1" type="stmt"/>
        <line num="9" count="1" type="stmt"/>
        <line num="10" count="0" type="stmt"/>
        <line num="25" count="1" type="stmt"/>
        <line num="26" count="0" type="stmt"/>
        <line num="33" count="1" type="stmt"/>
        <line num="34" count="0" type="stmt"/>
      </file>
    </package>
    <package name="hooks">
      <metrics statements="7" coveredstatements="7" conditionals="1" coveredconditionals="1" methods="4" coveredmethods="3"/>
      <file name="useDebouncedValue.ts" path="/Users/wallysongalvao/Documents/pessoal/workplace/rickmortywiki/src/hooks/useDebouncedValue.ts">
        <metrics statements="7" coveredstatements="7" conditionals="1" coveredconditionals="1" methods="4" coveredmethods="3"/>
        <line num="3" count="1" type="cond" truecount="1" falsecount="0"/>
        <line num="4" count="10" type="stmt"/>
        <line num="6" count="10" type="stmt"/>
        <line num="7" count="8" type="stmt"/>
        <line num="9" count="8" type="stmt"/>
        <line num="10" count="8" type="stmt"/>
        <line num="14" count="10" type="stmt"/>
      </file>
    </package>
    <package name="screens.Characters">
      <metrics statements="38" coveredstatements="36" conditionals="10" coveredconditionals="6" methods="17" coveredmethods="14"/>
      <file name="index.tsx" path="/Users/wallysongalvao/Documents/pessoal/workplace/rickmortywiki/src/screens/Characters/index.tsx">
        <metrics statements="31" coveredstatements="30" conditionals="10" coveredconditionals="6" methods="15" coveredmethods="13"/>
        <line num="18" count="1" type="stmt"/>
        <line num="39" count="1" type="stmt"/>
        <line num="40" count="10" type="stmt"/>
        <line num="42" count="10" type="stmt"/>
        <line num="44" count="10" type="stmt"/>
        <line num="45" count="10" type="stmt"/>
        <line num="47" count="10" type="stmt"/>
        <line num="50" count="10" type="stmt"/>
        <line num="53" count="6" type="stmt"/>
        <line num="56" count="33" type="cond" truecount="1" falsecount="1"/>
        <line num="57" count="33" type="stmt"/>
        <line num="58" count="33" type="stmt"/>
        <line num="59" count="33" type="cond" truecount="1" falsecount="1"/>
        <line num="60" count="33" type="stmt"/>
        <line num="67" count="10" type="stmt"/>
        <line num="68" count="0" type="stmt"/>
        <line num="72" count="10" type="stmt"/>
        <line num="74" count="10" type="stmt"/>
        <line num="75" count="1" type="cond" truecount="1" falsecount="1"/>
        <line num="76" count="1" type="stmt"/>
        <line num="80" count="10" type="stmt"/>
        <line num="82" count="186" type="stmt"/>
        <line num="84" count="10" type="stmt"/>
        <line num="85" count="180" type="stmt"/>
        <line num="88" count="10" type="stmt"/>
        <line num="90" count="10" type="stmt"/>
        <line num="97" count="1" type="stmt"/>
        <line num="102" count="30" type="stmt"/>
        <line num="104" count="30" type="stmt"/>
        <line num="109" count="9" type="stmt"/>
        <line num="124" count="30" type="stmt"/>
      </file>
      <file name="styles.ts" path="/Users/wallysongalvao/Documents/pessoal/workplace/rickmortywiki/src/screens/Characters/styles.ts">
        <metrics statements="7" coveredstatements="6" conditionals="0" coveredconditionals="0" methods="2" coveredmethods="1"/>
        <line num="7" count="1" type="stmt"/>
        <line num="8" count="10" type="stmt"/>
        <line num="19" count="1" type="stmt"/>
        <line num="29" count="1" type="stmt"/>
        <line num="36" count="1" type="stmt"/>
        <line num="42" count="1" type="stmt"/>
        <line num="43" count="0" type="stmt"/>
      </file>
    </package>
    <package name="services.api">
      <metrics statements="1" coveredstatements="1" conditionals="0" coveredconditionals="0" methods="0" coveredmethods="0"/>
      <file name="index.ts" path="/Users/wallysongalvao/Documents/pessoal/workplace/rickmortywiki/src/services/api/index.ts">
        <metrics statements="1" coveredstatements="1" conditionals="0" coveredconditionals="0" methods="0" coveredmethods="0"/>
        <line num="3" count="1" type="stmt"/>
      </file>
    </package>
    <package name="services.requests.characters">
      <metrics statements="5" coveredstatements="3" conditionals="1" coveredconditionals="1" methods="3" coveredmethods="1"/>
      <file name="queries.ts" path="/Users/wallysongalvao/Documents/pessoal/workplace/rickmortywiki/src/services/requests/characters/queries.ts">
        <metrics statements="5" coveredstatements="3" conditionals="1" coveredconditionals="1" methods="3" coveredmethods="1"/>
        <line num="17" count="6" type="stmt"/>
        <line num="21" count="6" type="stmt"/>
        <line num="22" count="1" type="stmt"/>
        <line num="26" count="0" type="stmt"/>
        <line num="27" count="0" type="stmt"/>
      </file>
    </package>
    <package name="services.stores">
      <metrics statements="3" coveredstatements="1" conditionals="0" coveredconditionals="0" methods="3" coveredmethods="1"/>
      <file name="filter.ts" path="/Users/wallysongalvao/Documents/pessoal/workplace/rickmortywiki/src/services/stores/filter.ts">
        <metrics statements="3" coveredstatements="1" conditionals="0" coveredconditionals="0" methods="3" coveredmethods="1"/>
        <line num="13" count="1" type="stmt"/>
        <line num="16" count="0" type="stmt"/>
        <line num="17" count="0" type="stmt"/>
      </file>
    </package>
    <package name="styles">
      <metrics statements="2" coveredstatements="2" conditionals="0" coveredconditionals="0" methods="0" coveredmethods="0"/>
      <file name="colors.ts" path="/Users/wallysongalvao/Documents/pessoal/workplace/rickmortywiki/src/styles/colors.ts">
        <metrics statements="1" coveredstatements="1" conditionals="0" coveredconditionals="0" methods="0" coveredmethods="0"/>
        <line num="1" count="1" type="stmt"/>
      </file>
      <file name="index.ts" path="/Users/wallysongalvao/Documents/pessoal/workplace/rickmortywiki/src/styles/index.ts">
        <metrics statements="1" coveredstatements="1" conditionals="0" coveredconditionals="0" methods="0" coveredmethods="0"/>
        <line num="3" count="1" type="stmt"/>
      </file>
    </package>
    <package name="utils">
      <metrics statements="4" coveredstatements="3" conditionals="0" coveredconditionals="0" methods="2" coveredmethods="1"/>
      <file name="index.ts" path="/Users/wallysongalvao/Documents/pessoal/workplace/rickmortywiki/src/utils/index.ts">
        <metrics statements="4" coveredstatements="3" conditionals="0" coveredconditionals="0" methods="2" coveredmethods="1"/>
        <line num="1" count="1" type="stmt"/>
        <line num="2" count="30" type="stmt"/>
        <line num="4" count="1" type="stmt"/>
        <line num="5" count="0" type="stmt"/>
      </file>
    </package>
    <package name="utils.tests">
      <metrics statements="9" coveredstatements="8" conditionals="0" coveredconditionals="0" methods="4" coveredmethods="3"/>
      <file name="helpers.tsx" path="/Users/wallysongalvao/Documents/pessoal/workplace/rickmortywiki/src/utils/tests/helpers.tsx">
        <metrics statements="8" coveredstatements="7" conditionals="0" coveredconditionals="0" methods="4" coveredmethods="3"/>
        <line num="9" count="1" type="stmt"/>
        <line num="10" count="1" type="stmt"/>
        <line num="18" count="1" type="stmt"/>
        <line num="20" count="1" type="stmt"/>
        <line num="21" count="5" type="stmt"/>
        <line num="29" count="5" type="stmt"/>
        <line num="30" count="5" type="stmt"/>
        <line num="33" count="0" type="stmt"/>
      </file>
      <file name="index.ts" path="/Users/wallysongalvao/Documents/pessoal/workplace/rickmortywiki/src/utils/tests/index.ts">
        <metrics statements="1" coveredstatements="1" conditionals="0" coveredconditionals="0" methods="0" coveredmethods="0"/>
        <line num="1" count="1" type="stmt"/>
      </file>
    </package>
  </project>
</coverage>
