{"/Users/wallysongalvao/Documents/pessoal/workplace/rickmortywiki/src/components/Card/index.tsx": {"path":"/Users/wallysongalvao/Documents/pessoal/workplace/rickmortywiki/src/components/Card/index.tsx","statementMap":{"0":{"start":{"line":12,"column":20},"end":{"line":29,"column":1}},"1":{"start":{"line":13,"column":23},"end":{"line":13,"column":38}},"2":{"start":{"line":14,"column":23},"end":{"line":14,"column":63}},"3":{"start":{"line":14,"column":29},"end":{"line":14,"column":63}},"4":{"start":{"line":16,"column":2},"end":{"line":28,"column":4}}},"fnMap":{"0":{"name":"(anonymous_0)","decl":{"start":{"line":12,"column":20},"end":{"line":12,"column":21}},"loc":{"start":{"line":12,"column":50},"end":{"line":29,"column":1}},"line":12},"1":{"name":"(anonymous_1)","decl":{"start":{"line":14,"column":23},"end":{"line":14,"column":24}},"loc":{"start":{"line":14,"column":29},"end":{"line":14,"column":63}},"line":14}},"branchMap":{},"s":{"0":1,"1":120,"2":120,"3":1,"4":120},"f":{"0":120,"1":1},"b":{},"_coverageSchema":"1a1c01bbd47fc00a2c39e90264f33305004495a9","hash":"c1d552a6c717064d0b9a2b836e74744db33866cd"}
,"/Users/wallysongalvao/Documents/pessoal/workplace/rickmortywiki/src/components/Card/styles.ts": {"path":"/Users/wallysongalvao/Documents/pessoal/workplace/rickmortywiki/src/components/Card/styles.ts","statementMap":{"0":{"start":{"line":7,"column":25},"end":{"line":15,"column":1}},"1":{"start":{"line":8,"column":19},"end":{"line":14,"column":3}},"2":{"start":{"line":17,"column":21},"end":{"line":23,"column":1}},"3":{"start":{"line":25,"column":23},"end":{"line":33,"column":1}},"4":{"start":{"line":26,"column":34},"end":{"line":28,"column":3}},"5":{"start":{"line":29,"column":33},"end":{"line":31,"column":3}},"6":{"start":{"line":32,"column":17},"end":{"line":32,"column":22}},"7":{"start":{"line":35,"column":21},"end":{"line":46,"column":1}},"8":{"start":{"line":36,"column":27},"end":{"line":45,"column":3}},"9":{"start":{"line":48,"column":29},"end":{"line":51,"column":1}},"10":{"start":{"line":53,"column":20},"end":{"line":57,"column":1}},"11":{"start":{"line":59,"column":28},"end":{"line":62,"column":1}},"12":{"start":{"line":64,"column":28},"end":{"line":64,"column":41}},"13":{"start":{"line":66,"column":25},"end":{"line":71,"column":1}},"14":{"start":{"line":67,"column":19},"end":{"line":70,"column":3}}},"fnMap":{"0":{"name":"(anonymous_0)","decl":{"start":{"line":8,"column":4},"end":{"line":8,"column":5}},"loc":{"start":{"line":8,"column":19},"end":{"line":14,"column":3}},"line":8},"1":{"name":"(anonymous_1)","decl":{"start":{"line":26,"column":9},"end":{"line":26,"column":10}},"loc":{"start":{"line":26,"column":34},"end":{"line":28,"column":3}},"line":26},"2":{"name":"(anonymous_2)","decl":{"start":{"line":29,"column":8},"end":{"line":29,"column":9}},"loc":{"start":{"line":29,"column":33},"end":{"line":31,"column":3}},"line":29},"3":{"name":"(anonymous_3)","decl":{"start":{"line":32,"column":11},"end":{"line":32,"column":12}},"loc":{"start":{"line":32,"column":17},"end":{"line":32,"column":22}},"line":32},"4":{"name":"(anonymous_4)","decl":{"start":{"line":36,"column":4},"end":{"line":36,"column":5}},"loc":{"start":{"line":36,"column":27},"end":{"line":45,"column":3}},"line":36},"5":{"name":"(anonymous_5)","decl":{"start":{"line":67,"column":4},"end":{"line":67,"column":5}},"loc":{"start":{"line":67,"column":19},"end":{"line":70,"column":3}},"line":67}},"branchMap":{"0":{"loc":{"start":{"line":44,"column":6},"end":{"line":44,"column":47}},"type":"binary-expr","locations":[{"start":{"line":44,"column":6},"end":{"line":44,"column":14}},{"start":{"line":44,"column":18},"end":{"line":44,"column":47}}],"line":44}},"s":{"0":1,"1":120,"2":1,"3":1,"4":48,"5":36,"6":36,"7":1,"8":120,"9":1,"10":1,"11":1,"12":1,"13":1,"14":120},"f":{"0":120,"1":48,"2":36,"3":36,"4":120,"5":120},"b":{"0":[120,120]},"_coverageSchema":"1a1c01bbd47fc00a2c39e90264f33305004495a9","hash":"5fe54a6317e2cc8cfa55787fac3ac29e8d409689"}
,"/Users/wallysongalvao/Documents/pessoal/workplace/rickmortywiki/src/components/Filter/index.tsx": {"path":"/Users/wallysongalvao/Documents/pessoal/workplace/rickmortywiki/src/components/Filter/index.tsx","statementMap":{"0":{"start":{"line":16,"column":22},"end":{"line":36,"column":1}},"1":{"start":{"line":17,"column":22},"end":{"line":17,"column":33}},"2":{"start":{"line":19,"column":25},"end":{"line":22,"column":3}},"3":{"start":{"line":20,"column":10},"end":{"line":20,"column":58}},"4":{"start":{"line":20,"column":33},"end":{"line":20,"column":57}},"5":{"start":{"line":24,"column":2},"end":{"line":35,"column":4}}},"fnMap":{"0":{"name":"(anonymous_0)","decl":{"start":{"line":16,"column":22},"end":{"line":16,"column":23}},"loc":{"start":{"line":16,"column":63},"end":{"line":36,"column":1}},"line":16},"1":{"name":"(anonymous_1)","decl":{"start":{"line":20,"column":4},"end":{"line":20,"column":5}},"loc":{"start":{"line":20,"column":10},"end":{"line":20,"column":58}},"line":20},"2":{"name":"(anonymous_2)","decl":{"start":{"line":20,"column":23},"end":{"line":20,"column":24}},"loc":{"start":{"line":20,"column":33},"end":{"line":20,"column":57}},"line":20}},"branchMap":{"0":{"loc":{"start":{"line":27,"column":20},"end":{"line":27,"column":54}},"type":"binary-expr","locations":[{"start":{"line":27,"column":20},"end":{"line":27,"column":41}},{"start":{"line":27,"column":45},"end":{"line":27,"column":54}}],"line":27},"1":{"loc":{"start":{"line":32,"column":15},"end":{"line":32,"column":71}},"type":"cond-expr","locations":[{"start":{"line":32,"column":32},"end":{"line":32,"column":50}},{"start":{"line":32,"column":53},"end":{"line":32,"column":71}}],"line":32}},"s":{"0":1,"1":21,"2":21,"3":12,"4":0,"5":21},"f":{"0":21,"1":12,"2":0},"b":{"0":[21,21],"1":[0,21]},"_coverageSchema":"1a1c01bbd47fc00a2c39e90264f33305004495a9","hash":"9c00d313a0ce90efd373ee88bf12589c416cf119"}
,"/Users/wallysongalvao/Documents/pessoal/workplace/rickmortywiki/src/components/Filter/styles.ts": {"path":"/Users/wallysongalvao/Documents/pessoal/workplace/rickmortywiki/src/components/Filter/styles.ts","statementMap":{"0":{"start":{"line":3,"column":25},"end":{"line":21,"column":1}},"1":{"start":{"line":4,"column":27},"end":{"line":20,"column":3}},"2":{"start":{"line":23,"column":20},"end":{"line":32,"column":1}},"3":{"start":{"line":24,"column":27},"end":{"line":31,"column":3}}},"fnMap":{"0":{"name":"(anonymous_0)","decl":{"start":{"line":4,"column":4},"end":{"line":4,"column":5}},"loc":{"start":{"line":4,"column":27},"end":{"line":20,"column":3}},"line":4},"1":{"name":"(anonymous_1)","decl":{"start":{"line":24,"column":4},"end":{"line":24,"column":5}},"loc":{"start":{"line":24,"column":27},"end":{"line":31,"column":3}},"line":24}},"branchMap":{"0":{"loc":{"start":{"line":15,"column":6},"end":{"line":19,"column":5}},"type":"binary-expr","locations":[{"start":{"line":15,"column":6},"end":{"line":15,"column":12}},{"start":{"line":16,"column":4},"end":{"line":19,"column":5}}],"line":15},"1":{"loc":{"start":{"line":27,"column":6},"end":{"line":30,"column":5}},"type":"binary-expr","locations":[{"start":{"line":27,"column":6},"end":{"line":27,"column":12}},{"start":{"line":28,"column":4},"end":{"line":30,"column":5}}],"line":27}},"s":{"0":1,"1":21,"2":1,"3":21},"f":{"0":21,"1":21},"b":{"0":[21,0],"1":[21,0]},"_coverageSchema":"1a1c01bbd47fc00a2c39e90264f33305004495a9","hash":"d1322090471f7903ee781d54c034b2b5f49d730c"}
,"/Users/wallysongalvao/Documents/pessoal/workplace/rickmortywiki/src/components/FilterValues/index.tsx": {"path":"/Users/wallysongalvao/Documents/pessoal/workplace/rickmortywiki/src/components/FilterValues/index.tsx","statementMap":{"0":{"start":{"line":13,"column":28},"end":{"line":39,"column":1}},"1":{"start":{"line":14,"column":34},"end":{"line":14,"column":45}},"2":{"start":{"line":16,"column":19},"end":{"line":18,"column":3}},"3":{"start":{"line":17,"column":4},"end":{"line":17,"column":38}},"4":{"start":{"line":20,"column":2},"end":{"line":38,"column":4}},"5":{"start":{"line":25,"column":32},"end":{"line":25,"column":76}},"6":{"start":{"line":25,"column":55},"end":{"line":25,"column":75}},"7":{"start":{"line":26,"column":29},"end":{"line":26,"column":59}},"8":{"start":{"line":27,"column":10},"end":{"line":34,"column":12}},"9":{"start":{"line":30,"column":29},"end":{"line":30,"column":44}}},"fnMap":{"0":{"name":"(anonymous_0)","decl":{"start":{"line":13,"column":28},"end":{"line":13,"column":29}},"loc":{"start":{"line":13,"column":64},"end":{"line":39,"column":1}},"line":13},"1":{"name":"(anonymous_1)","decl":{"start":{"line":16,"column":19},"end":{"line":16,"column":20}},"loc":{"start":{"line":16,"column":38},"end":{"line":18,"column":3}},"line":16},"2":{"name":"(anonymous_2)","decl":{"start":{"line":24,"column":20},"end":{"line":24,"column":21}},"loc":{"start":{"line":24,"column":29},"end":{"line":35,"column":9}},"line":24},"3":{"name":"(anonymous_3)","decl":{"start":{"line":25,"column":45},"end":{"line":25,"column":46}},"loc":{"start":{"line":25,"column":55},"end":{"line":25,"column":75}},"line":25},"4":{"name":"(anonymous_4)","decl":{"start":{"line":30,"column":23},"end":{"line":30,"column":24}},"loc":{"start":{"line":30,"column":29},"end":{"line":30,"column":44}},"line":30}},"branchMap":{},"s":{"0":1,"1":0,"2":0,"3":0,"4":0,"5":0,"6":0,"7":0,"8":0,"9":0},"f":{"0":0,"1":0,"2":0,"3":0,"4":0},"b":{},"_coverageSchema":"1a1c01bbd47fc00a2c39e90264f33305004495a9","hash":"dd3533bf2c22ce5981670f444faeda58ffbcde42"}
,"/Users/wallysongalvao/Documents/pessoal/workplace/rickmortywiki/src/components/FilterValues/styles.ts": {"path":"/Users/wallysongalvao/Documents/pessoal/workplace/rickmortywiki/src/components/FilterValues/styles.ts","statementMap":{"0":{"start":{"line":3,"column":23},"end":{"line":7,"column":1}},"1":{"start":{"line":9,"column":22},"end":{"line":23,"column":1}},"2":{"start":{"line":10,"column":31},"end":{"line":22,"column":3}},"3":{"start":{"line":25,"column":21},"end":{"line":31,"column":1}},"4":{"start":{"line":26,"column":19},"end":{"line":30,"column":3}},"5":{"start":{"line":33,"column":20},"end":{"line":43,"column":1}},"6":{"start":{"line":34,"column":31},"end":{"line":42,"column":3}}},"fnMap":{"0":{"name":"(anonymous_0)","decl":{"start":{"line":10,"column":4},"end":{"line":10,"column":5}},"loc":{"start":{"line":10,"column":31},"end":{"line":22,"column":3}},"line":10},"1":{"name":"(anonymous_1)","decl":{"start":{"line":26,"column":4},"end":{"line":26,"column":5}},"loc":{"start":{"line":26,"column":19},"end":{"line":30,"column":3}},"line":26},"2":{"name":"(anonymous_2)","decl":{"start":{"line":34,"column":4},"end":{"line":34,"column":5}},"loc":{"start":{"line":34,"column":31},"end":{"line":42,"column":3}},"line":34}},"branchMap":{"0":{"loc":{"start":{"line":18,"column":6},"end":{"line":21,"column":5}},"type":"binary-expr","locations":[{"start":{"line":18,"column":6},"end":{"line":18,"column":16}},{"start":{"line":19,"column":4},"end":{"line":21,"column":5}}],"line":18},"1":{"loc":{"start":{"line":38,"column":6},"end":{"line":41,"column":5}},"type":"binary-expr","locations":[{"start":{"line":38,"column":6},"end":{"line":38,"column":16}},{"start":{"line":39,"column":4},"end":{"line":41,"column":5}}],"line":38}},"s":{"0":1,"1":1,"2":0,"3":1,"4":0,"5":1,"6":0},"f":{"0":0,"1":0,"2":0},"b":{"0":[0,0],"1":[0,0]},"_coverageSchema":"1a1c01bbd47fc00a2c39e90264f33305004495a9","hash":"143c487e70d95d5d10740a5b5ce4bf6f1f4aa340"}
,"/Users/wallysongalvao/Documents/pessoal/workplace/rickmortywiki/src/hooks/useDebouncedValue.ts": {"path":"/Users/wallysongalvao/Documents/pessoal/workplace/rickmortywiki/src/hooks/useDebouncedValue.ts","statementMap":{"0":{"start":{"line":3,"column":33},"end":{"line":15,"column":1}},"1":{"start":{"line":4,"column":46},"end":{"line":4,"column":61}},"2":{"start":{"line":6,"column":2},"end":{"line":12,"column":21}},"3":{"start":{"line":7,"column":20},"end":{"line":7,"column":69}},"4":{"start":{"line":7,"column":37},"end":{"line":7,"column":61}},"5":{"start":{"line":9,"column":4},"end":{"line":11,"column":6}},"6":{"start":{"line":10,"column":6},"end":{"line":10,"column":28}},"7":{"start":{"line":14,"column":2},"end":{"line":14,"column":24}}},"fnMap":{"0":{"name":"(anonymous_0)","decl":{"start":{"line":3,"column":33},"end":{"line":3,"column":34}},"loc":{"start":{"line":3,"column":65},"end":{"line":15,"column":1}},"line":3},"1":{"name":"(anonymous_1)","decl":{"start":{"line":6,"column":12},"end":{"line":6,"column":13}},"loc":{"start":{"line":6,"column":18},"end":{"line":12,"column":3}},"line":6},"2":{"name":"(anonymous_2)","decl":{"start":{"line":7,"column":31},"end":{"line":7,"column":32}},"loc":{"start":{"line":7,"column":37},"end":{"line":7,"column":61}},"line":7},"3":{"name":"(anonymous_3)","decl":{"start":{"line":9,"column":11},"end":{"line":9,"column":12}},"loc":{"start":{"line":9,"column":17},"end":{"line":11,"column":5}},"line":9}},"branchMap":{"0":{"loc":{"start":{"line":3,"column":49},"end":{"line":3,"column":60}},"type":"default-arg","locations":[{"start":{"line":3,"column":57},"end":{"line":3,"column":60}}],"line":3}},"s":{"0":1,"1":7,"2":7,"3":5,"4":0,"5":5,"6":5,"7":7},"f":{"0":7,"1":5,"2":0,"3":5},"b":{"0":[7]},"_coverageSchema":"1a1c01bbd47fc00a2c39e90264f33305004495a9","hash":"81342930c7aa643391270a2ecb77656004c9c0a8"}
,"/Users/wallysongalvao/Documents/pessoal/workplace/rickmortywiki/src/screens/Characters/index.tsx": {"path":"/Users/wallysongalvao/Documents/pessoal/workplace/rickmortywiki/src/screens/Characters/index.tsx","statementMap":{"0":{"start":{"line":18,"column":21},"end":{"line":37,"column":1}},"1":{"start":{"line":39,"column":19},"end":{"line":137,"column":1}},"2":{"start":{"line":40,"column":22},"end":{"line":40,"column":33}},"3":{"start":{"line":42,"column":25},"end":{"line":42,"column":55}},"4":{"start":{"line":44,"column":42},"end":{"line":44,"column":54}},"5":{"start":{"line":45,"column":34},"end":{"line":45,"column":49}},"6":{"start":{"line":47,"column":25},"end":{"line":47,"column":56}},"7":{"start":{"line":50,"column":4},"end":{"line":65,"column":5}},"8":{"start":{"line":53,"column":8},"end":{"line":53,"column":67}},"9":{"start":{"line":56,"column":10},"end":{"line":62,"column":11}},"10":{"start":{"line":57,"column":26},"end":{"line":57,"column":51}},"11":{"start":{"line":58,"column":28},"end":{"line":58,"column":58}},"12":{"start":{"line":59,"column":12},"end":{"line":61,"column":13}},"13":{"start":{"line":60,"column":14},"end":{"line":60,"column":60}},"14":{"start":{"line":67,"column":29},"end":{"line":70,"column":3}},"15":{"start":{"line":68,"column":23},"end":{"line":68,"column":46}},"16":{"start":{"line":72,"column":25},"end":{"line":72,"column":66}},"17":{"start":{"line":72,"column":44},"end":{"line":72,"column":66}},"18":{"start":{"line":74,"column":19},"end":{"line":78,"column":3}},"19":{"start":{"line":75,"column":4},"end":{"line":77,"column":5}},"20":{"start":{"line":76,"column":6},"end":{"line":76,"column":22}},"21":{"start":{"line":80,"column":24},"end":{"line":80,"column":63}},"22":{"start":{"line":80,"column":30},"end":{"line":80,"column":63}},"23":{"start":{"line":82,"column":23},"end":{"line":82,"column":62}},"24":{"start":{"line":82,"column":44},"end":{"line":82,"column":62}},"25":{"start":{"line":84,"column":21},"end":{"line":86,"column":3}},"26":{"start":{"line":85,"column":4},"end":{"line":85,"column":29}},"27":{"start":{"line":88,"column":24},"end":{"line":88,"column":62}},"28":{"start":{"line":88,"column":30},"end":{"line":88,"column":62}},"29":{"start":{"line":92,"column":2},"end":{"line":136,"column":4}},"30":{"start":{"line":99,"column":31},"end":{"line":99,"column":61}},"31":{"start":{"line":104,"column":25},"end":{"line":104,"column":37}},"32":{"start":{"line":106,"column":12},"end":{"line":106,"column":72}},"33":{"start":{"line":111,"column":42},"end":{"line":111,"column":54}},"34":{"start":{"line":126,"column":10},"end":{"line":130,"column":12}}},"fnMap":{"0":{"name":"(anonymous_0)","decl":{"start":{"line":39,"column":19},"end":{"line":39,"column":20}},"loc":{"start":{"line":39,"column":25},"end":{"line":137,"column":1}},"line":39},"1":{"name":"(anonymous_1)","decl":{"start":{"line":52,"column":6},"end":{"line":52,"column":7}},"loc":{"start":{"line":53,"column":8},"end":{"line":53,"column":67}},"line":53},"2":{"name":"(anonymous_2)","decl":{"start":{"line":55,"column":26},"end":{"line":55,"column":27}},"loc":{"start":{"line":55,"column":38},"end":{"line":63,"column":9}},"line":55},"3":{"name":"(anonymous_3)","decl":{"start":{"line":68,"column":4},"end":{"line":68,"column":5}},"loc":{"start":{"line":68,"column":23},"end":{"line":68,"column":46}},"line":68},"4":{"name":"(anonymous_4)","decl":{"start":{"line":72,"column":25},"end":{"line":72,"column":26}},"loc":{"start":{"line":72,"column":44},"end":{"line":72,"column":66}},"line":72},"5":{"name":"(anonymous_5)","decl":{"start":{"line":74,"column":19},"end":{"line":74,"column":20}},"loc":{"start":{"line":74,"column":25},"end":{"line":78,"column":3}},"line":74},"6":{"name":"(anonymous_6)","decl":{"start":{"line":80,"column":24},"end":{"line":80,"column":25}},"loc":{"start":{"line":80,"column":30},"end":{"line":80,"column":63}},"line":80},"7":{"name":"(anonymous_7)","decl":{"start":{"line":82,"column":23},"end":{"line":82,"column":24}},"loc":{"start":{"line":82,"column":44},"end":{"line":82,"column":62}},"line":82},"8":{"name":"(anonymous_8)","decl":{"start":{"line":84,"column":21},"end":{"line":84,"column":22}},"loc":{"start":{"line":85,"column":4},"end":{"line":85,"column":29}},"line":85},"9":{"name":"(anonymous_9)","decl":{"start":{"line":88,"column":24},"end":{"line":88,"column":25}},"loc":{"start":{"line":88,"column":30},"end":{"line":88,"column":62}},"line":88},"10":{"name":"(anonymous_10)","decl":{"start":{"line":99,"column":25},"end":{"line":99,"column":26}},"loc":{"start":{"line":99,"column":31},"end":{"line":99,"column":61}},"line":99},"11":{"name":"(anonymous_11)","decl":{"start":{"line":104,"column":15},"end":{"line":104,"column":16}},"loc":{"start":{"line":104,"column":25},"end":{"line":104,"column":37}},"line":104},"12":{"name":"(anonymous_12)","decl":{"start":{"line":105,"column":15},"end":{"line":105,"column":16}},"loc":{"start":{"line":106,"column":12},"end":{"line":106,"column":72}},"line":106},"13":{"name":"(anonymous_13)","decl":{"start":{"line":111,"column":34},"end":{"line":111,"column":35}},"loc":{"start":{"line":111,"column":42},"end":{"line":111,"column":54}},"line":111},"14":{"name":"(anonymous_14)","decl":{"start":{"line":125,"column":26},"end":{"line":125,"column":27}},"loc":{"start":{"line":126,"column":10},"end":{"line":130,"column":12}},"line":126}},"branchMap":{"0":{"loc":{"start":{"line":56,"column":10},"end":{"line":62,"column":11}},"type":"if","locations":[{"start":{"line":56,"column":10},"end":{"line":62,"column":11}},{"start":{},"end":{}}],"line":56},"1":{"loc":{"start":{"line":59,"column":12},"end":{"line":61,"column":13}},"type":"if","locations":[{"start":{"line":59,"column":12},"end":{"line":61,"column":13}},{"start":{},"end":{}}],"line":59},"2":{"loc":{"start":{"line":75,"column":4},"end":{"line":77,"column":5}},"type":"if","locations":[{"start":{"line":75,"column":4},"end":{"line":77,"column":5}},{"start":{},"end":{}}],"line":75},"3":{"loc":{"start":{"line":116,"column":29},"end":{"line":116,"column":70}},"type":"cond-expr","locations":[{"start":{"line":116,"column":50},"end":{"line":116,"column":63}},{"start":{"line":116,"column":66},"end":{"line":116,"column":70}}],"line":116},"4":{"loc":{"start":{"line":134,"column":7},"end":{"line":134,"column":31}},"type":"binary-expr","locations":[{"start":{"line":134,"column":7},"end":{"line":134,"column":15}},{"start":{"line":134,"column":19},"end":{"line":134,"column":31}}],"line":134}},"s":{"0":1,"1":1,"2":7,"3":7,"4":7,"5":7,"6":7,"7":7,"8":5,"9":24,"10":24,"11":24,"12":24,"13":24,"14":7,"15":0,"16":7,"17":1,"18":7,"19":1,"20":1,"21":7,"22":0,"23":7,"24":126,"25":7,"26":120,"27":7,"28":1,"29":7,"30":0,"31":21,"32":21,"33":6,"34":21},"f":{"0":7,"1":5,"2":24,"3":0,"4":1,"5":1,"6":0,"7":126,"8":120,"9":1,"10":0,"11":21,"12":21,"13":6,"14":21},"b":{"0":[24,0],"1":[24,0],"2":[1,0],"3":[1,6],"4":[7,0]},"_coverageSchema":"1a1c01bbd47fc00a2c39e90264f33305004495a9","hash":"174b072b4e2fe12f0ac9c349834d363c8054ad8f"}
,"/Users/wallysongalvao/Documents/pessoal/workplace/rickmortywiki/src/screens/Characters/styles.ts": {"path":"/Users/wallysongalvao/Documents/pessoal/workplace/rickmortywiki/src/screens/Characters/styles.ts","statementMap":{"0":{"start":{"line":7,"column":22},"end":{"line":17,"column":1}},"1":{"start":{"line":8,"column":19},"end":{"line":16,"column":3}},"2":{"start":{"line":19,"column":29},"end":{"line":27,"column":4}},"3":{"start":{"line":29,"column":31},"end":{"line":34,"column":1}},"4":{"start":{"line":36,"column":32},"end":{"line":40,"column":1}},"5":{"start":{"line":42,"column":22},"end":{"line":53,"column":1}},"6":{"start":{"line":43,"column":19},"end":{"line":52,"column":3}}},"fnMap":{"0":{"name":"(anonymous_0)","decl":{"start":{"line":8,"column":4},"end":{"line":8,"column":5}},"loc":{"start":{"line":8,"column":19},"end":{"line":16,"column":3}},"line":8},"1":{"name":"(anonymous_1)","decl":{"start":{"line":43,"column":4},"end":{"line":43,"column":5}},"loc":{"start":{"line":43,"column":19},"end":{"line":52,"column":3}},"line":43}},"branchMap":{},"s":{"0":1,"1":7,"2":1,"3":1,"4":1,"5":1,"6":0},"f":{"0":7,"1":0},"b":{},"_coverageSchema":"1a1c01bbd47fc00a2c39e90264f33305004495a9","hash":"cf86de31896e2c9d9c4a4d9304248e9d6c154d9d"}
,"/Users/wallysongalvao/Documents/pessoal/workplace/rickmortywiki/src/services/api/index.ts": {"path":"/Users/wallysongalvao/Documents/pessoal/workplace/rickmortywiki/src/services/api/index.ts","statementMap":{"0":{"start":{"line":3,"column":12},"end":{"line":5,"column":2}}},"fnMap":{},"branchMap":{},"s":{"0":1},"f":{},"b":{},"_coverageSchema":"1a1c01bbd47fc00a2c39e90264f33305004495a9","hash":"e99915760526d7a1473beae0f2d5ac25a080e517"}
,"/Users/wallysongalvao/Documents/pessoal/workplace/rickmortywiki/src/services/requests/characters/queries.ts": {"path":"/Users/wallysongalvao/Documents/pessoal/workplace/rickmortywiki/src/services/requests/characters/queries.ts","statementMap":{"0":{"start":{"line":17,"column":17},"end":{"line":17,"column":75}},"1":{"start":{"line":17,"column":43},"end":{"line":17,"column":69}},"2":{"start":{"line":18,"column":19},"end":{"line":20,"column":4}},"3":{"start":{"line":21,"column":2},"end":{"line":21,"column":14}},"4":{"start":{"line":25,"column":19},"end":{"line":25,"column":59}},"5":{"start":{"line":26,"column":2},"end":{"line":26,"column":14}}},"fnMap":{"0":{"name":"getCharacters","decl":{"start":{"line":12,"column":22},"end":{"line":12,"column":35}},"loc":{"start":{"line":16,"column":21},"end":{"line":22,"column":1}},"line":16},"1":{"name":"(anonymous_1)","decl":{"start":{"line":17,"column":32},"end":{"line":17,"column":33}},"loc":{"start":{"line":17,"column":43},"end":{"line":17,"column":69}},"line":17},"2":{"name":"getEpisode","decl":{"start":{"line":24,"column":22},"end":{"line":24,"column":32}},"loc":{"start":{"line":24,"column":57},"end":{"line":27,"column":1}},"line":24}},"branchMap":{"0":{"loc":{"start":{"line":15,"column":2},"end":{"line":15,"column":15}},"type":"default-arg","locations":[{"start":{"line":15,"column":14},"end":{"line":15,"column":15}}],"line":15}},"s":{"0":5,"1":0,"2":5,"3":1,"4":0,"5":0},"f":{"0":5,"1":0,"2":0},"b":{"0":[4]},"_coverageSchema":"1a1c01bbd47fc00a2c39e90264f33305004495a9","hash":"37408ba6494955ba9043c969510fa6c1039313e2"}
,"/Users/wallysongalvao/Documents/pessoal/workplace/rickmortywiki/src/services/stores/filter.ts": {"path":"/Users/wallysongalvao/Documents/pessoal/workplace/rickmortywiki/src/services/stores/filter.ts","statementMap":{"0":{"start":{"line":13,"column":25},"end":{"line":19,"column":3}},"1":{"start":{"line":13,"column":54},"end":{"line":19,"column":1}},"2":{"start":{"line":16,"column":24},"end":{"line":16,"column":71}},"3":{"start":{"line":16,"column":50},"end":{"line":16,"column":70}},"4":{"start":{"line":17,"column":4},"end":{"line":17,"column":47}}},"fnMap":{"0":{"name":"(anonymous_0)","decl":{"start":{"line":13,"column":39},"end":{"line":13,"column":40}},"loc":{"start":{"line":13,"column":54},"end":{"line":19,"column":1}},"line":13},"1":{"name":"(anonymous_1)","decl":{"start":{"line":15,"column":14},"end":{"line":15,"column":15}},"loc":{"start":{"line":15,"column":24},"end":{"line":18,"column":3}},"line":15},"2":{"name":"(anonymous_2)","decl":{"start":{"line":16,"column":45},"end":{"line":16,"column":46}},"loc":{"start":{"line":16,"column":50},"end":{"line":16,"column":70}},"line":16}},"branchMap":{},"s":{"0":1,"1":1,"2":0,"3":0,"4":0},"f":{"0":1,"1":0,"2":0},"b":{},"_coverageSchema":"1a1c01bbd47fc00a2c39e90264f33305004495a9","hash":"c81d51058ffe04b187c62384a9dd39f7b7c779ca"}
,"/Users/wallysongalvao/Documents/pessoal/workplace/rickmortywiki/src/styles/colors.ts": {"path":"/Users/wallysongalvao/Documents/pessoal/workplace/rickmortywiki/src/styles/colors.ts","statementMap":{"0":{"start":{"line":1,"column":22},"end":{"line":13,"column":10}}},"fnMap":{},"branchMap":{},"s":{"0":1},"f":{},"b":{},"_coverageSchema":"1a1c01bbd47fc00a2c39e90264f33305004495a9","hash":"81767dc123bd749d2449e7dcab87e93b292ed28b"}
,"/Users/wallysongalvao/Documents/pessoal/workplace/rickmortywiki/src/styles/index.ts": {"path":"/Users/wallysongalvao/Documents/pessoal/workplace/rickmortywiki/src/styles/index.ts","statementMap":{"0":{"start":{"line":3,"column":21},"end":{"line":5,"column":1}}},"fnMap":{},"branchMap":{},"s":{"0":1},"f":{},"b":{},"_coverageSchema":"1a1c01bbd47fc00a2c39e90264f33305004495a9","hash":"e6b1efc6300f85f21338c49b4684920dfe60528e"}
,"/Users/wallysongalvao/Documents/pessoal/workplace/rickmortywiki/src/utils/index.ts": {"path":"/Users/wallysongalvao/Documents/pessoal/workplace/rickmortywiki/src/utils/index.ts","statementMap":{"0":{"start":{"line":1,"column":26},"end":{"line":2,"column":50}},"1":{"start":{"line":2,"column":2},"end":{"line":2,"column":50}},"2":{"start":{"line":4,"column":28},"end":{"line":5,"column":38}},"3":{"start":{"line":5,"column":2},"end":{"line":5,"column":38}}},"fnMap":{"0":{"name":"(anonymous_0)","decl":{"start":{"line":1,"column":26},"end":{"line":1,"column":27}},"loc":{"start":{"line":2,"column":2},"end":{"line":2,"column":50}},"line":2},"1":{"name":"(anonymous_1)","decl":{"start":{"line":4,"column":28},"end":{"line":4,"column":29}},"loc":{"start":{"line":5,"column":2},"end":{"line":5,"column":38}},"line":5}},"branchMap":{},"s":{"0":1,"1":21,"2":1,"3":0},"f":{"0":21,"1":0},"b":{},"_coverageSchema":"1a1c01bbd47fc00a2c39e90264f33305004495a9","hash":"897dbd549a29f89135928d6ffcc738f1554ace6c"}
,"/Users/wallysongalvao/Documents/pessoal/workplace/rickmortywiki/src/utils/tests/helpers.tsx": {"path":"/Users/wallysongalvao/Documents/pessoal/workplace/rickmortywiki/src/utils/tests/helpers.tsx","statementMap":{"0":{"start":{"line":9,"column":30},"end":{"line":16,"column":4}},"1":{"start":{"line":10,"column":2},"end":{"line":16,"column":4}},"2":{"start":{"line":18,"column":24},"end":{"line":18,"column":47}},"3":{"start":{"line":20,"column":22},"end":{"line":26,"column":1}},"4":{"start":{"line":21,"column":2},"end":{"line":25,"column":18}},"5":{"start":{"line":29,"column":34},"end":{"line":29,"column":67}},"6":{"start":{"line":30,"column":2},"end":{"line":34,"column":4}},"7":{"start":{"line":33,"column":6},"end":{"line":33,"column":49}}},"fnMap":{"0":{"name":"(anonymous_0)","decl":{"start":{"line":9,"column":30},"end":{"line":9,"column":31}},"loc":{"start":{"line":10,"column":2},"end":{"line":16,"column":4}},"line":10},"1":{"name":"(anonymous_1)","decl":{"start":{"line":20,"column":22},"end":{"line":20,"column":23}},"loc":{"start":{"line":21,"column":2},"end":{"line":25,"column":18}},"line":21},"2":{"name":"renderWithClient","decl":{"start":{"line":28,"column":16},"end":{"line":28,"column":32}},"loc":{"start":{"line":28,"column":57},"end":{"line":35,"column":1}},"line":28},"3":{"name":"(anonymous_3)","decl":{"start":{"line":32,"column":14},"end":{"line":32,"column":15}},"loc":{"start":{"line":33,"column":6},"end":{"line":33,"column":49}},"line":33}},"branchMap":{},"s":{"0":1,"1":1,"2":1,"3":1,"4":4,"5":4,"6":4,"7":0},"f":{"0":1,"1":4,"2":4,"3":0},"b":{},"_coverageSchema":"1a1c01bbd47fc00a2c39e90264f33305004495a9","hash":"a811e185ff9f9499992e7a92f85cf4e881c293cd"}
}
