TN:
SF:src/components/Card/index.tsx
FN:12,(anonymous_0)
FN:14,(anonymous_1)
FNF:2
FNH:2
FNDA:120,(anonymous_0)
FNDA:1,(anonymous_1)
DA:12,1
DA:13,120
DA:14,120
DA:16,120
LF:4
LH:4
BRF:0
BRH:0
end_of_record
TN:
SF:src/components/Card/styles.ts
FN:8,(anonymous_0)
FN:26,(anonymous_1)
FN:29,(anonymous_2)
FN:32,(anonymous_3)
FN:36,(anonymous_4)
FN:67,(anonymous_5)
FNF:6
FNH:6
FNDA:120,(anonymous_0)
FNDA:48,(anonymous_1)
FNDA:36,(anonymous_2)
FNDA:36,(anonymous_3)
FNDA:120,(anonymous_4)
FNDA:120,(anonymous_5)
DA:7,1
DA:8,120
DA:17,1
DA:25,1
DA:26,48
DA:29,36
DA:32,36
DA:35,1
DA:36,120
DA:48,1
DA:53,1
DA:59,1
DA:64,1
DA:66,1
DA:67,120
LF:15
LH:15
BRDA:44,0,0,120
BRDA:44,0,1,120
BRF:2
BRH:2
end_of_record
TN:
SF:src/components/Filter/index.tsx
FN:16,(anonymous_0)
FN:20,(anonymous_1)
FN:20,(anonymous_2)
FNF:3
FNH:2
FNDA:21,(anonymous_0)
FNDA:12,(anonymous_1)
FNDA:0,(anonymous_2)
DA:16,1
DA:17,21
DA:19,21
DA:20,12
DA:24,21
LF:5
LH:5
BRDA:27,0,0,21
BRDA:27,0,1,21
BRDA:32,1,0,0
BRDA:32,1,1,21
BRF:4
BRH:3
end_of_record
TN:
SF:src/components/Filter/styles.ts
FN:4,(anonymous_0)
FN:24,(anonymous_1)
FNF:2
FNH:2
FNDA:21,(anonymous_0)
FNDA:21,(anonymous_1)
DA:3,1
DA:4,21
DA:23,1
DA:24,21
LF:4
LH:4
BRDA:15,0,0,21
BRDA:15,0,1,0
BRDA:27,1,0,21
BRDA:27,1,1,0
BRF:4
BRH:2
end_of_record
TN:
SF:src/components/FilterValues/index.tsx
FN:13,(anonymous_0)
FN:16,(anonymous_1)
FN:24,(anonymous_2)
FN:25,(anonymous_3)
FN:30,(anonymous_4)
FNF:5
FNH:0
FNDA:0,(anonymous_0)
FNDA:0,(anonymous_1)
FNDA:0,(anonymous_2)
FNDA:0,(anonymous_3)
FNDA:0,(anonymous_4)
DA:13,1
DA:14,0
DA:16,0
DA:17,0
DA:20,0
DA:25,0
DA:26,0
DA:27,0
DA:30,0
LF:9
LH:1
BRF:0
BRH:0
end_of_record
TN:
SF:src/components/FilterValues/styles.ts
FN:10,(anonymous_0)
FN:26,(anonymous_1)
FN:34,(anonymous_2)
FNF:3
FNH:0
FNDA:0,(anonymous_0)
FNDA:0,(anonymous_1)
FNDA:0,(anonymous_2)
DA:3,1
DA:9,1
DA:10,0
DA:25,1
DA:26,0
DA:33,1
DA:34,0
LF:7
LH:4
BRDA:18,0,0,0
BRDA:18,0,1,0
BRDA:38,1,0,0
BRDA:38,1,1,0
BRF:4
BRH:0
end_of_record
TN:
SF:src/hooks/useDebouncedValue.ts
FN:3,(anonymous_0)
FN:6,(anonymous_1)
FN:7,(anonymous_2)
FN:9,(anonymous_3)
FNF:4
FNH:3
FNDA:7,(anonymous_0)
FNDA:5,(anonymous_1)
FNDA:0,(anonymous_2)
FNDA:5,(anonymous_3)
DA:3,1
DA:4,7
DA:6,7
DA:7,5
DA:9,5
DA:10,5
DA:14,7
LF:7
LH:7
BRDA:3,0,0,7
BRF:1
BRH:1
end_of_record
TN:
SF:src/screens/Characters/index.tsx
FN:39,(anonymous_0)
FN:52,(anonymous_1)
FN:55,(anonymous_2)
FN:68,(anonymous_3)
FN:72,(anonymous_4)
FN:74,(anonymous_5)
FN:80,(anonymous_6)
FN:82,(anonymous_7)
FN:84,(anonymous_8)
FN:88,(anonymous_9)
FN:99,(anonymous_10)
FN:104,(anonymous_11)
FN:105,(anonymous_12)
FN:111,(anonymous_13)
FN:125,(anonymous_14)
FNF:15
FNH:12
FNDA:7,(anonymous_0)
FNDA:5,(anonymous_1)
FNDA:24,(anonymous_2)
FNDA:0,(anonymous_3)
FNDA:1,(anonymous_4)
FNDA:1,(anonymous_5)
FNDA:0,(anonymous_6)
FNDA:126,(anonymous_7)
FNDA:120,(anonymous_8)
FNDA:1,(anonymous_9)
FNDA:0,(anonymous_10)
FNDA:21,(anonymous_11)
FNDA:21,(anonymous_12)
FNDA:6,(anonymous_13)
FNDA:21,(anonymous_14)
DA:18,1
DA:39,1
DA:40,7
DA:42,7
DA:44,7
DA:45,7
DA:47,7
DA:50,7
DA:53,5
DA:56,24
DA:57,24
DA:58,24
DA:59,24
DA:60,24
DA:67,7
DA:68,0
DA:72,7
DA:74,7
DA:75,1
DA:76,1
DA:80,7
DA:82,126
DA:84,7
DA:85,120
DA:88,7
DA:92,7
DA:99,0
DA:104,21
DA:106,21
DA:111,6
DA:126,21
LF:31
LH:29
BRDA:56,0,0,24
BRDA:56,0,1,0
BRDA:59,1,0,24
BRDA:59,1,1,0
BRDA:75,2,0,1
BRDA:75,2,1,0
BRDA:116,3,0,1
BRDA:116,3,1,6
BRDA:134,4,0,7
BRDA:134,4,1,0
BRF:10
BRH:6
end_of_record
TN:
SF:src/screens/Characters/styles.ts
FN:8,(anonymous_0)
FN:43,(anonymous_1)
FNF:2
FNH:1
FNDA:7,(anonymous_0)
FNDA:0,(anonymous_1)
DA:7,1
DA:8,7
DA:19,1
DA:29,1
DA:36,1
DA:42,1
DA:43,0
LF:7
LH:6
BRF:0
BRH:0
end_of_record
TN:
SF:src/services/api/index.ts
FNF:0
FNH:0
DA:3,1
LF:1
LH:1
BRF:0
BRH:0
end_of_record
TN:
SF:src/services/requests/characters/queries.ts
FN:12,getCharacters
FN:17,(anonymous_1)
FN:24,getEpisode
FNF:3
FNH:1
FNDA:5,getCharacters
FNDA:0,(anonymous_1)
FNDA:0,getEpisode
DA:17,5
DA:18,5
DA:21,1
DA:25,0
DA:26,0
LF:5
LH:3
BRDA:15,0,0,4
BRF:1
BRH:1
end_of_record
TN:
SF:src/services/stores/filter.ts
FN:13,(anonymous_0)
FN:15,(anonymous_1)
FN:16,(anonymous_2)
FNF:3
FNH:1
FNDA:1,(anonymous_0)
FNDA:0,(anonymous_1)
FNDA:0,(anonymous_2)
DA:13,1
DA:16,0
DA:17,0
LF:3
LH:1
BRF:0
BRH:0
end_of_record
TN:
SF:src/styles/colors.ts
FNF:0
FNH:0
DA:1,1
LF:1
LH:1
BRF:0
BRH:0
end_of_record
TN:
SF:src/styles/index.ts
FNF:0
FNH:0
DA:3,1
LF:1
LH:1
BRF:0
BRH:0
end_of_record
TN:
SF:src/utils/index.ts
FN:1,(anonymous_0)
FN:4,(anonymous_1)
FNF:2
FNH:1
FNDA:21,(anonymous_0)
FNDA:0,(anonymous_1)
DA:1,1
DA:2,21
DA:4,1
DA:5,0
LF:4
LH:3
BRF:0
BRH:0
end_of_record
TN:
SF:src/utils/tests/helpers.tsx
FN:9,(anonymous_0)
FN:20,(anonymous_1)
FN:28,renderWithClient
FN:32,(anonymous_3)
FNF:4
FNH:3
FNDA:1,(anonymous_0)
FNDA:4,(anonymous_1)
FNDA:4,renderWithClient
FNDA:0,(anonymous_3)
DA:9,1
DA:10,1
DA:18,1
DA:20,1
DA:21,4
DA:29,4
DA:30,4
DA:33,0
LF:8
LH:7
BRF:0
BRH:0
end_of_record
