TN:
SF:src/components/Card/index.tsx
FN:12,(anonymous_0)
FN:14,(anonymous_1)
FNF:2
FNH:2
FNDA:180,(anonymous_0)
FNDA:1,(anonymous_1)
DA:12,1
DA:13,180
DA:14,180
DA:16,180
LF:4
LH:4
BRF:0
BRH:0
end_of_record
TN:
SF:src/components/Card/styles.ts
FN:8,(anonymous_0)
FN:26,(anonymous_1)
FN:29,(anonymous_2)
FN:32,(anonymous_3)
FN:36,(anonymous_4)
FN:67,(anonymous_5)
FNF:6
FNH:6
FNDA:180,(anonymous_0)
FNDA:72,(anonymous_1)
FNDA:54,(anonymous_2)
FNDA:54,(anonymous_3)
FNDA:180,(anonymous_4)
FNDA:180,(anonymous_5)
DA:7,1
DA:8,180
DA:17,1
DA:25,1
DA:26,72
DA:29,54
DA:32,54
DA:35,1
DA:36,180
DA:48,1
DA:53,1
DA:59,1
DA:64,1
DA:66,1
DA:67,180
LF:15
LH:15
BRDA:44,0,0,180
BRDA:44,0,1,180
BRF:2
BRH:2
end_of_record
TN:
SF:src/components/Filter/index.tsx
FN:16,(anonymous_0)
FN:20,(anonymous_1)
FN:20,(anonymous_2)
FNF:3
FNH:2
FNDA:30,(anonymous_0)
FNDA:15,(anonymous_1)
FNDA:0,(anonymous_2)
DA:16,1
DA:17,30
DA:19,30
DA:20,15
DA:24,30
LF:5
LH:5
BRDA:27,0,0,30
BRDA:27,0,1,30
BRDA:32,1,0,0
BRDA:32,1,1,30
BRF:4
BRH:3
end_of_record
TN:
SF:src/components/Filter/styles.ts
FN:4,(anonymous_0)
FN:24,(anonymous_1)
FNF:2
FNH:2
FNDA:30,(anonymous_0)
FNDA:30,(anonymous_1)
DA:3,1
DA:4,30
DA:23,1
DA:24,30
LF:4
LH:4
BRDA:15,0,0,30
BRDA:15,0,1,0
BRDA:27,1,0,30
BRDA:27,1,1,0
BRF:4
BRH:2
end_of_record
TN:
SF:src/components/FilterValues/index.tsx
FN:13,(anonymous_0)
FN:16,(anonymous_1)
FN:24,(anonymous_2)
FN:25,(anonymous_3)
FN:30,(anonymous_4)
FNF:5
FNH:0
FNDA:0,(anonymous_0)
FNDA:0,(anonymous_1)
FNDA:0,(anonymous_2)
FNDA:0,(anonymous_3)
FNDA:0,(anonymous_4)
DA:13,1
DA:14,0
DA:16,0
DA:17,0
DA:20,0
DA:25,0
DA:26,0
DA:27,0
DA:30,0
LF:9
LH:1
BRF:0
BRH:0
end_of_record
TN:
SF:src/components/FilterValues/styles.ts
FN:10,(anonymous_0)
FN:26,(anonymous_1)
FN:34,(anonymous_2)
FNF:3
FNH:0
FNDA:0,(anonymous_0)
FNDA:0,(anonymous_1)
FNDA:0,(anonymous_2)
DA:3,1
DA:9,1
DA:10,0
DA:25,1
DA:26,0
DA:33,1
DA:34,0
LF:7
LH:4
BRDA:18,0,0,0
BRDA:18,0,1,0
BRDA:38,1,0,0
BRDA:38,1,1,0
BRF:4
BRH:0
end_of_record
TN:
SF:src/hooks/useDebouncedValue.ts
FN:3,(anonymous_0)
FN:6,(anonymous_1)
FN:7,(anonymous_2)
FN:9,(anonymous_3)
FNF:4
FNH:3
FNDA:10,(anonymous_0)
FNDA:8,(anonymous_1)
FNDA:0,(anonymous_2)
FNDA:8,(anonymous_3)
DA:3,1
DA:4,10
DA:6,10
DA:7,8
DA:9,8
DA:10,8
DA:14,10
LF:7
LH:7
BRDA:3,0,0,10
BRF:1
BRH:1
end_of_record
TN:
SF:src/screens/Characters/index.tsx
FN:39,(anonymous_0)
FN:52,(anonymous_1)
FN:55,(anonymous_2)
FN:68,(anonymous_3)
FN:72,(anonymous_4)
FN:74,(anonymous_5)
FN:80,(anonymous_6)
FN:82,(anonymous_7)
FN:84,(anonymous_8)
FN:88,(anonymous_9)
FN:97,(anonymous_10)
FN:102,(anonymous_11)
FN:103,(anonymous_12)
FN:109,(anonymous_13)
FN:123,(anonymous_14)
FNF:15
FNH:13
FNDA:10,(anonymous_0)
FNDA:6,(anonymous_1)
FNDA:33,(anonymous_2)
FNDA:0,(anonymous_3)
FNDA:3,(anonymous_4)
FNDA:1,(anonymous_5)
FNDA:0,(anonymous_6)
FNDA:186,(anonymous_7)
FNDA:180,(anonymous_8)
FNDA:1,(anonymous_9)
FNDA:1,(anonymous_10)
FNDA:30,(anonymous_11)
FNDA:30,(anonymous_12)
FNDA:9,(anonymous_13)
FNDA:30,(anonymous_14)
DA:18,1
DA:39,1
DA:40,10
DA:42,10
DA:44,10
DA:45,10
DA:47,10
DA:50,10
DA:53,6
DA:56,33
DA:57,33
DA:58,33
DA:59,33
DA:60,33
DA:67,10
DA:68,0
DA:72,10
DA:74,10
DA:75,1
DA:76,1
DA:80,10
DA:82,186
DA:84,10
DA:85,180
DA:88,10
DA:90,10
DA:97,1
DA:102,30
DA:104,30
DA:109,9
DA:124,30
LF:31
LH:30
BRDA:56,0,0,33
BRDA:56,0,1,0
BRDA:59,1,0,33
BRDA:59,1,1,0
BRDA:75,2,0,1
BRDA:75,2,1,0
BRDA:114,3,0,1
BRDA:114,3,1,9
BRDA:132,4,0,10
BRDA:132,4,1,0
BRF:10
BRH:6
end_of_record
TN:
SF:src/screens/Characters/styles.ts
FN:8,(anonymous_0)
FN:43,(anonymous_1)
FNF:2
FNH:1
FNDA:10,(anonymous_0)
FNDA:0,(anonymous_1)
DA:7,1
DA:8,10
DA:19,1
DA:29,1
DA:36,1
DA:42,1
DA:43,0
LF:7
LH:6
BRF:0
BRH:0
end_of_record
TN:
SF:src/services/api/index.ts
FNF:0
FNH:0
DA:3,1
LF:1
LH:1
BRF:0
BRH:0
end_of_record
TN:
SF:src/services/requests/characters/queries.ts
FN:12,getCharacters
FN:17,(anonymous_1)
FN:25,getEpisode
FNF:3
FNH:1
FNDA:6,getCharacters
FNDA:0,(anonymous_1)
FNDA:0,getEpisode
DA:17,6
DA:21,6
DA:22,1
DA:26,0
DA:27,0
LF:5
LH:3
BRDA:15,0,0,5
BRF:1
BRH:1
end_of_record
TN:
SF:src/services/stores/filter.ts
FN:13,(anonymous_0)
FN:15,(anonymous_1)
FN:16,(anonymous_2)
FNF:3
FNH:1
FNDA:1,(anonymous_0)
FNDA:0,(anonymous_1)
FNDA:0,(anonymous_2)
DA:13,1
DA:16,0
DA:17,0
LF:3
LH:1
BRF:0
BRH:0
end_of_record
TN:
SF:src/styles/colors.ts
FNF:0
FNH:0
DA:1,1
LF:1
LH:1
BRF:0
BRH:0
end_of_record
TN:
SF:src/styles/index.ts
FNF:0
FNH:0
DA:3,1
LF:1
LH:1
BRF:0
BRH:0
end_of_record
TN:
SF:src/utils/index.ts
FN:1,(anonymous_0)
FN:4,(anonymous_1)
FNF:2
FNH:1
FNDA:30,(anonymous_0)
FNDA:0,(anonymous_1)
DA:1,1
DA:2,30
DA:4,1
DA:5,0
LF:4
LH:3
BRF:0
BRH:0
end_of_record
TN:
SF:src/utils/tests/helpers.tsx
FN:9,(anonymous_0)
FN:20,(anonymous_1)
FN:28,renderWithClient
FN:32,(anonymous_3)
FNF:4
FNH:3
FNDA:1,(anonymous_0)
FNDA:5,(anonymous_1)
FNDA:5,renderWithClient
FNDA:0,(anonymous_3)
DA:9,1
DA:10,1
DA:18,1
DA:20,1
DA:21,5
DA:29,5
DA:30,5
DA:33,0
LF:8
LH:7
BRF:0
BRH:0
end_of_record
TN:
SF:src/utils/tests/index.ts
FNF:0
FNH:0
DA:1,1
LF:1
LH:1
BRF:0
BRH:0
end_of_record
